[2019-04-13T19:07:41Z][Info] === Start Repair-Search ===
[2019-04-13T19:07:41Z][Info] ======================================================================================
[2019-04-13T19:07:41Z][Info] Executing analyzer [Test-SqlHealth]...
[2019-04-13T19:07:41Z][Info] Verifying IsSearchConfigured setting in Configuration DB...
[2019-04-13T19:07:41Z][Info] Verifying Search URL settings in Configuration DB...
[2019-04-13T19:07:41Z][Info] Verifying WorkItem search extension is installed...
[2019-04-13T19:07:41Z][Info] Verifying primary indexing feature flags...
[2019-04-13T19:07:41Z][Info] Verifying Collection IU properties' Index and Query URL match the configuration DB connection URL...
[2019-04-13T19:07:41Z][Error] Collection indexing unit for entity type [WorkItem] and collection [defaultcollection] not found.
[2019-04-13T19:07:41Z][Info] Action recommended by analyzer [Test-SqlHealth] is [Restart-Indexing].
[2019-04-13T19:07:41Z][Info] ======================================================================================
[2019-04-13T19:07:41Z][Info] Executing analyzer [Test-ElasticsearchHealth]...
[2019-04-13T19:07:42Z][Info] Elasticsearch cluster health is [@{cluster_name=TFS_Search_BSARKAR; status=green; timed_out=False; number_of_nodes=1; number_of_data_nodes=1; active_primary_shards=168; active_shards=168; relocating_shards=0; initializing_shards=0; unassigned_shards=0; delayed_unassigned_shards=0; number_of_pending_tasks=0; number_of_in_flight_fetch=0; task_max_waiting_in_queue_millis=0; active_shards_percent_as_number=100.0}].
[2019-04-13T19:07:42Z][Info] Elasticsearch cluster state is [green].
[2019-04-13T19:07:42Z][Warn] No document for entity type [WorkItem] and collection [defaultcollection] is indexed in Elasticsearch. If this is not expected, consider executing Restart-Indexing action.
[2019-04-13T19:07:42Z][Info] No issues found!
[2019-04-13T19:07:42Z][Info] ======================================================================================
[2019-04-13T19:07:42Z][Info] Executing analyzer [Test-FaultInJobInInfiniteRetries]...
[2019-04-13T19:07:42Z][Info] No issues found!
[2019-04-13T19:07:42Z][Info] ======================================================================================
[2019-04-13T19:07:42Z][Info] Executing analyzer [Test-InefficientTfvcCrawlingStoredProcedure]...
[2019-04-13T19:07:42Z][Info] This analyzer is only valid for Code entity type. It is not valid for [WorkItem] entity type.
[2019-04-13T19:07:42Z][Info] No issues found!
[2019-04-13T19:07:42Z][Info] ======================================================================================
[2019-04-13T19:07:42Z][Warn] Analysis is complete. Final list of recommended actions = [Restart-Indexing].
[2019-04-13T19:07:42Z][Info] ======================================================================================
[2019-04-13T19:07:42Z][Info] Executing action [Restart-Indexing]...
[2019-04-13T19:07:43Z][Info] Removed registry [\Service\ALMSearch\Settings\IsExtensionOperationInProgress\WorkItem\Uninstalled] from [azuredevops_defaultcollection] database.
[2019-04-13T19:07:43Z][Info] Deleting [WorkItem] documents of collection [defaultcollection] from index [workitem_workitemcontract_1490_shared_bb6a9f23-2310-49b3-bd04-2885185006b6]...
[2019-04-13T19:07:43Z][Info] Deleting [WorkItem] documents of collection [defaultcollection] from index [workitem_workitemcontract_1490_shared_64cbc1aa-4a4d-497b-9474-e880c68fed99]...
[2019-04-13T19:07:43Z][Info] Disabling [WorkItem] indexing feature flags for collection [defaultcollection]...
[2019-04-13T19:07:48Z][Info] Cleaned up all SQL tables storing indexing state.
[2019-04-13T19:07:48Z][Info] Enabling [WorkItem] indexing feature flags for collection [defaultcollection]...
[2019-04-13T19:07:54Z][Info] Queued [WorkItem] bulk indexing of collection [defaultcollection].
