[2019-04-12T18:11:12Z][Info] === Start Repair-Search ===
[2019-04-12T18:11:12Z][Info] ======================================================================================
[2019-04-12T18:11:12Z][Info] Executing analyzer [Test-SqlHealth]...

[2019-04-12T18:11:12Z][Info] Verifying IsSearchConfigured setting in Configuration DB...
[2019-04-12T18:11:12Z][Info] Verifying Search URL settings in Configuration DB...
[2019-04-12T18:11:12Z][Info] Verifying Code search extension is installed...
[2019-04-12T18:11:12Z][Info] Verifying primary indexing feature flags...
[2019-04-12T18:11:12Z][Info] Verifying Collection IU properties' Index and Query URL match the configuration DB connection URL...
[2019-04-12T18:11:12Z][Info] Verifying Collection IU properties' ES ContractTypes for Indexing and Query...
[2019-04-12T18:11:12Z][Info] No issues found!
[2019-04-12T18:11:12Z][Info] ======================================================================================
[2019-04-12T18:11:12Z][Info] Executing analyzer [Test-ElasticsearchHealth]...

[2019-04-12T18:11:13Z][Info] Elasticsearch cluster health is [@{cluster_name=TFS_Search_BSARKAR; status=green; timed_out=False; number_of_nodes=1; number_of_data_nodes=1; active_primary_shards=168; active_shards=168; relocating_shards=0; initializing_shards=0; unassigned_shards=0; delayed_unassigned_shards=0; number_of_pending_tasks=0; number_of_in_flight_fetch=0; task_max_waiting_in_queue_millis=0; active_shards_percent_as_number=100.0}].
[2019-04-12T18:11:13Z][Info] Elasticsearch cluster state is [green].
[2019-04-12T18:11:13Z][Warn] Actions recommended are [Request-FixElasticsearchClusterState].
[2019-04-12T18:11:13Z][Info] ======================================================================================
[2019-04-12T18:11:13Z][Warn] Analysis is complete. Final list of recommended actions = [Request-FixElasticsearchClusterState].
[2019-04-12T18:11:13Z][Info] ======================================================================================
[2019-04-12T18:11:14Z][Info] Executing action [Request-FixElasticsearchClusterState]...
[2019-04-12T18:11:14Z][Info] All shards are assigned. No action is required.
