[2019-04-12T17:31:10Z][Info] === Start Repair-Search ===
[2019-04-12T17:31:10Z][Info] ======================================================================================
[2019-04-12T17:31:10Z][Info] Executing analyzer [Test-SqlHealth]...

[2019-04-12T17:31:10Z][Info] Verifying IsSearchConfigured setting in Configuration DB...
[2019-04-12T17:31:10Z][Info] Verifying Search URL settings in Configuration DB...
[2019-04-12T17:31:10Z][Info] Verifying Code search extension is installed...
[2019-04-12T17:31:10Z][Info] Verifying primary indexing feature flags...
[2019-04-12T17:31:10Z][Info] Verifying Collection IU properties' Index and Query URL match the configuration DB connection URL...
[2019-04-12T17:31:10Z][Info] Verifying Collection IU properties' ES ContractTypes for Indexing and Query...
[2019-04-12T17:31:10Z][Info] No issues found!
[2019-04-12T17:31:10Z][Info] ======================================================================================
[2019-04-12T17:31:10Z][Info] Executing analyzer [Test-ElasticsearchHealth]...

[2019-04-12T17:31:12Z][Info] No issues found!
[2019-04-12T17:31:12Z][Info] ======================================================================================
[2019-04-12T17:31:12Z][Info] Executing analyzer [Test-FaultInJobInInfiniteRetries]...

[2019-04-12T17:31:12Z][Info] No issues found!
[2019-04-12T17:31:12Z][Info] ======================================================================================
[2019-04-12T17:31:12Z][Info] Executing analyzer [Test-IndexingUnitPointsToDeletedIndex]...

[2019-04-12T17:31:12Z][Info] No issues found!
[2019-04-12T17:31:12Z][Info] ======================================================================================
[2019-04-12T17:31:12Z][Info] Executing analyzer [Test-IndicesWithUnsupportedMappings]...

[2019-04-12T17:31:12Z][Info] No issues found!
[2019-04-12T17:31:12Z][Info] ======================================================================================
[2019-04-12T17:31:12Z][Info] Executing analyzer [Test-InefficientTfvcCrawlingStoredProcedure]...

[2019-04-12T17:31:12Z][Info] This analyzer is only valid for TFVC repositories. No TFVC repository was found in collection [defaultcollection].
[2019-04-12T17:31:12Z][Info] No issues found!
[2019-04-12T17:31:12Z][Info] ======================================================================================
[2019-04-12T17:31:12Z][Info] No known issues found. System seems to be healthy. If not, please contact support.
[2019-04-12T17:31:12Z][Info] ======================================================================================
