[2019-04-13T13:01:17Z][Info] === Start Repair-Search ===
[2019-04-13T13:01:17Z][Info] ======================================================================================
[2019-04-13T13:01:17Z][Info] Executing analyzer [Test-SqlHealth]...

[2019-04-13T13:01:17Z][Info] Verifying IsSearchConfigured setting in Configuration DB...
[2019-04-13T13:01:17Z][Info] Verifying Search URL settings in Configuration DB...
[2019-04-13T13:01:17Z][Info] Verifying Code search extension is installed...
[2019-04-13T13:01:17Z][Info] Verifying primary indexing feature flags...
[2019-04-13T13:01:17Z][Info] Verifying Collection IU properties' Index and Query URL match the configuration DB connection URL...
[2019-04-13T13:01:17Z][Info] Verifying Collection IU properties' ES ContractTypes for Indexing and Query...
[2019-04-13T13:01:17Z][Info] No issues found!
[2019-04-13T13:01:17Z][Info] ======================================================================================
[2019-04-13T13:01:17Z][Info] Executing analyzer [Test-SqlHealth]...

[2019-04-13T13:01:17Z][Info] Verifying IsSearchConfigured setting in Configuration DB...
[2019-04-13T13:01:17Z][Info] Verifying Search URL settings in Configuration DB...
[2019-04-13T13:01:17Z][Info] Verifying Code search extension is installed...
[2019-04-13T13:01:17Z][Info] Verifying primary indexing feature flags...
[2019-04-13T13:01:17Z][Info] Verifying Collection IU properties' Index and Query URL match the configuration DB connection URL...
[2019-04-13T13:01:17Z][Info] Verifying Collection IU properties' ES ContractTypes for Indexing and Query...
[2019-04-13T13:01:17Z][Info] No issues found!
[2019-04-13T13:01:17Z][Info] ======================================================================================
[2019-04-13T13:01:17Z][Info] Executing analyzer [Test-SqlHealth]...

[2019-04-13T13:01:17Z][Info] Verifying IsSearchConfigured setting in Configuration DB...
[2019-04-13T13:01:17Z][Info] Verifying Search URL settings in Configuration DB...
[2019-04-13T13:01:17Z][Info] Verifying Code search extension is installed...
[2019-04-13T13:01:17Z][Info] Verifying primary indexing feature flags...
[2019-04-13T13:01:17Z][Info] Verifying Collection IU properties' Index and Query URL match the configuration DB connection URL...
[2019-04-13T13:01:17Z][Info] Verifying Collection IU properties' ES ContractTypes for Indexing and Query...
[2019-04-13T13:01:17Z][Info] No issues found!
[2019-04-13T13:01:17Z][Info] ======================================================================================
[2019-04-13T13:01:17Z][Info] Executing analyzer [Test-SqlHealth]...

[2019-04-13T13:01:17Z][Info] Verifying IsSearchConfigured setting in Configuration DB...
[2019-04-13T13:01:17Z][Info] Verifying Search URL settings in Configuration DB...
[2019-04-13T13:01:17Z][Info] Verifying Code search extension is installed...
[2019-04-13T13:01:17Z][Info] Verifying primary indexing feature flags...
