[2019-04-13T14:16:33Z][Info] === Start Repair-Search ===
[2019-04-13T14:16:33Z][Info] ======================================================================================
[2019-04-13T14:16:33Z][Info] Executing analyzer [Test-SqlHealth]...

[2019-04-13T14:16:33Z][Info] Verifying IsSearchConfigured setting in Configuration DB...
[2019-04-13T14:16:33Z][Info] Verifying Search URL settings in Configuration DB...
[2019-04-13T14:16:33Z][Info] Verifying Code search extension is installed...
[2019-04-13T14:16:33Z][Info] Verifying primary indexing feature flags...
[2019-04-13T14:16:33Z][Info] Verifying Collection IU properties' Index and Query URL match the configuration DB connection URL...
[2019-04-13T14:16:33Z][Error] Collection indexing unit for entity type [Code] and collection [defaultcollection] not found.
[2019-04-13T14:16:33Z][Warn] Actions recommended are [Restart-Indexing].
[2019-04-13T14:16:33Z][Info] ======================================================================================
[2019-04-13T14:16:33Z][Warn] Analysis is complete. Final list of recommended actions = [Restart-Indexing].
[2019-04-13T14:16:33Z][Info] ======================================================================================
[2019-04-13T14:16:33Z][Info] Executing action [Restart-Indexing]...
[2019-04-13T14:16:34Z][Info] Removed registry [\Service\ALMSearch\Settings\IsExtensionOperationInProgress\Code\Uninstalled] from [azuredevops_defaultcollection] database.
[2019-04-13T14:16:34Z][Info] Deleting [Code] documents of collection [defaultcollection] from index [code_dedupefilecontractv3_1421_shared_3bfc9e5b-60fb-4c61-9c53-52d398ba6f3e]...
[2019-04-13T14:16:34Z][Info] Deleting [Code] documents of collection [defaultcollection] from index [code_sourcenodedupefilecontractv4_1421_shared_fdee8b88-5f01-4118-aeb9-7deddeee62e1]...
[2019-04-13T14:16:34Z][Info] Deleting [Code] documents of collection [defaultcollection] from index [code_sourcenodedupefilecontractv3_1421_shared_b0db69b8-3b21-42dd-b66a-5d4c7d5bf7d7]...
[2019-04-13T14:16:34Z][Info] Deleting [Code] documents of collection [defaultcollection] from index [code_sourcenodedupefilecontractv3_1421_shared_83b2f28f-6431-4c6d-adb0-ecf60bcde118]...
[2019-04-13T14:16:34Z][Info] Deleting [Code] documents of collection [defaultcollection] from index [code_dedupefilecontractv3_1421_shared_d9a4fbdf-11ea-4a13-a1ac-5933e5c66aec]...
[2019-04-13T14:16:35Z][Info] Deleting [Code] documents of collection [defaultcollection] from index [code_sourcenodedupefilecontractv4_1421_shared_5d9e5a39-fc1f-410a-a719-d6f48b7105ba]...
[2019-04-13T14:16:35Z][Info] Disabling [Code] indexing feature flags for collection [defaultcollection]...
[2019-04-13T14:16:40Z][Info] Cleaned up all SQL tables storing indexing state.
[2019-04-13T14:16:40Z][Info] Enabling [Code] indexing feature flags for collection [defaultcollection]...
[2019-04-13T14:16:45Z][Info] Queued [Code] bulk indexing of collection [defaultcollection].
