[2019-04-13T14:32:35Z][Info] === Start Repair-Search ===
[2019-04-13T14:32:35Z][Info] ======================================================================================
[2019-04-13T14:32:35Z][Info] Executing analyzer [Test-SqlHealth]...

[2019-04-13T14:32:35Z][Info] Verifying IsSearchConfigured setting in Configuration DB...
[2019-04-13T14:32:35Z][Info] Verifying Search URL settings in Configuration DB...
[2019-04-13T14:32:35Z][Info] Verifying Wiki search extension is installed...
[2019-04-13T14:32:35Z][Info] Verifying primary indexing feature flags...
[2019-04-13T14:32:35Z][Info] Verifying Collection IU properties' Index and Query URL match the configuration DB connection URL...
[2019-04-13T14:32:35Z][Error] Collection indexing unit for entity type [Wiki] and collection [defaultcollection] not found.
[2019-04-13T14:32:35Z][Warn] Actions recommended are [Restart-Indexing].
[2019-04-13T14:32:35Z][Info] ======================================================================================
[2019-04-13T14:32:35Z][Warn] Analysis is complete. Final list of recommended actions = [Restart-Indexing].
[2019-04-13T14:32:35Z][Info] ======================================================================================
[2019-04-13T14:32:35Z][Info] Executing action [Restart-Indexing]...
[2019-04-13T14:32:37Z][Info] Removed registry [\Service\ALMSearch\Settings\IsExtensionOperationInProgress\Wiki\Uninstalled] from [azuredevops_defaultcollection] database.
[2019-04-13T14:32:37Z][Info] Deleting [Wiki] documents of collection [defaultcollection] from index [wiki_wikicontract_1421_shared_b0edd461-42e5-4498-afa8-8b050f575c4d]...
[2019-04-13T14:32:37Z][Info] Deleting [Wiki] documents of collection [defaultcollection] from index [wiki_wikicontract_1421_shared_f461caeb-21c7-4bd8-b52a-629033686a52]...
[2019-04-13T14:32:37Z][Info] Disabling [Wiki] indexing feature flags for collection [defaultcollection]...
[2019-04-13T14:32:42Z][Info] Cleaned up all SQL tables storing indexing state.
[2019-04-13T14:32:42Z][Info] Enabling [Wiki] indexing feature flags for collection [defaultcollection]...
[2019-04-13T14:32:48Z][Info] Queued [Wiki] bulk indexing of collection [defaultcollection].
