[2019-04-12T17:31:47Z][Info] === Start Repair-Search ===
[2019-04-12T17:31:47Z][Info] ======================================================================================
[2019-04-12T17:31:47Z][Info] Executing analyzer [Test-SqlHealth]...

[2019-04-12T17:31:47Z][Info] Verifying IsSearchConfigured setting in Configuration DB...
[2019-04-12T17:31:47Z][Info] Verifying Search URL settings in Configuration DB...
[2019-04-12T17:31:47Z][Info] Verifying Code search extension is installed...
[2019-04-12T17:31:47Z][Info] Verifying primary indexing feature flags...
[2019-04-12T17:31:47Z][Info] Verifying Collection IU properties' Index and Query URL match the configuration DB connection URL...
[2019-04-12T17:31:47Z][Info] Verifying Collection IU properties' ES ContractTypes for Indexing and Query...
[2019-04-12T17:31:47Z][Info] No issues found!
[2019-04-12T17:31:47Z][Info] ======================================================================================
[2019-04-12T17:31:47Z][Info] Executing analyzer [Test-ElasticsearchHealth]...

[2019-04-12T17:31:47Z][Info] Elasticsearch cluster health is [@{cluster_name=TFS_Search_BSARKAR; status=green; timed_out=False; number_of_nodes=1; number_of_data_nodes=1; active_primary_shards=168; active_shards=168; relocating_shards=0; initializing_shards=0; unassigned_shards=0; delayed_unassigned_shards=0; number_of_pending_tasks=0; number_of_in_flight_fetch=0; task_max_waiting_in_queue_millis=0; active_shards_percent_as_number=100.0}].
[2019-04-12T17:31:47Z][Info] Elasticsearch cluster state is [green].
[2019-04-12T17:31:47Z][Info] Number of documents indexed for entity type [Code] and collection [defaultcollection] in index [code_sourcenodedupefilecontractv3_1421_shared_18b194aa-10ae-4ef4-b026-a48e2870779b] and mapping [SourceNoDedupeFileContractV3] = [1].
[2019-04-12T17:31:47Z][Info] No issues found!
[2019-04-12T17:31:47Z][Info] ======================================================================================
[2019-04-12T17:31:47Z][Info] Executing analyzer [Test-FaultInJobInInfiniteRetries]...

[2019-04-12T17:31:47Z][Info] No issues found!
[2019-04-12T17:31:47Z][Info] ======================================================================================
[2019-04-12T17:31:47Z][Info] Executing analyzer [Test-IndexingUnitPointsToDeletedIndex]...

[2019-04-12T17:31:47Z][Info] No issues found!
[2019-04-12T17:31:47Z][Info] ======================================================================================
[2019-04-12T17:31:47Z][Info] Executing analyzer [Test-IndicesWithUnsupportedMappings]...

[2019-04-12T17:31:48Z][Info] No issues found!
[2019-04-12T17:31:48Z][Info] ======================================================================================
[2019-04-12T17:31:48Z][Info] Executing analyzer [Test-InefficientTfvcCrawlingStoredProcedure]...

[2019-04-12T17:31:48Z][Info] This analyzer is only valid for TFVC repositories. No TFVC repository was found in collection [defaultcollection].
[2019-04-12T17:31:48Z][Info] No issues found!
[2019-04-12T17:31:48Z][Info] ======================================================================================
[2019-04-12T17:31:48Z][Info] No known issues found. System seems to be healthy. If not, please contact support.
[2019-04-12T17:31:48Z][Info] ======================================================================================
