[2019-04-13T19:04:22Z][Info] === Start Repair-Search ===
[2019-04-13T19:04:22Z][Info] ======================================================================================
[2019-04-13T19:04:22Z][Info] Executing analyzer [Test-SqlHealth]...
[2019-04-13T19:04:22Z][Info] Verifying IsSearchConfigured setting in Configuration DB...
[2019-04-13T19:04:23Z][Info] Verifying Search URL settings in Configuration DB...
[2019-04-13T19:04:23Z][Info] Verifying Code search extension is installed...
[2019-04-13T19:04:23Z][Info] Verifying primary indexing feature flags...
[2019-04-13T19:04:23Z][Info] Verifying Collection IU properties' Index and Query URL match the configuration DB connection URL...
[2019-04-13T19:04:23Z][Error] Collection indexing unit for entity type [Code] and collection [defaultcollection] not found.
[2019-04-13T19:04:23Z][Info] Action recommended by analyzer [Test-SqlHealth] is [Restart-Indexing].
[2019-04-13T19:04:23Z][Info] ======================================================================================
[2019-04-13T19:04:23Z][Info] Executing analyzer [Test-ElasticsearchHealth]...
[2019-04-13T19:04:23Z][Info] Elasticsearch cluster health is [@{cluster_name=TFS_Search_BSARKAR; status=green; timed_out=False; number_of_nodes=1; number_of_data_nodes=1; active_primary_shards=168; active_shards=168; relocating_shards=0; initializing_shards=0; unassigned_shards=0; delayed_unassigned_shards=0; number_of_pending_tasks=0; number_of_in_flight_fetch=0; task_max_waiting_in_queue_millis=0; active_shards_percent_as_number=100.0}].
[2019-04-13T19:04:23Z][Info] Elasticsearch cluster state is [green].
[2019-04-13T19:04:23Z][Info] Number of documents indexed for entity type [Code] and collection [defaultcollection] in index [code_sourcenodedupefilecontractv3_1421_shared_b0db69b8-3b21-42dd-b66a-5d4c7d5bf7d7] and mapping [SourceNoDedupeFileContractV3] = [1].
[2019-04-13T19:04:23Z][Info] No issues found!
[2019-04-13T19:04:23Z][Info] ======================================================================================
[2019-04-13T19:04:23Z][Info] Executing analyzer [Test-FaultInJobInInfiniteRetries]...
[2019-04-13T19:04:23Z][Info] No issues found!
[2019-04-13T19:04:23Z][Info] ======================================================================================
[2019-04-13T19:04:23Z][Info] Executing analyzer [Test-InefficientTfvcCrawlingStoredProcedure]...
[2019-04-13T19:04:23Z][Info] This analyzer is only valid for TFVC repositories. No TFVC repository was found in collection [defaultcollection].
[2019-04-13T19:04:23Z][Info] No issues found!
[2019-04-13T19:04:23Z][Info] ======================================================================================
[2019-04-13T19:04:23Z][Warn] Analysis is complete. Final list of recommended actions = [Restart-Indexing].
[2019-04-13T19:04:23Z][Info] ======================================================================================
[2019-04-13T19:04:23Z][Info] Executing action [Restart-Indexing]...
[2019-04-13T19:04:31Z][Info] Removed registry [\Service\ALMSearch\Settings\IsExtensionOperationInProgress\Code\Uninstalled] from [azuredevops_defaultcollection] database.
[2019-04-13T19:04:32Z][Info] Deleting [Code] documents of collection [defaultcollection] from index [code_dedupefilecontractv3_1421_shared_3bfc9e5b-60fb-4c61-9c53-52d398ba6f3e]...
[2019-04-13T19:04:32Z][Info] Deleting [Code] documents of collection [defaultcollection] from index [code_sourcenodedupefilecontractv4_1421_shared_fdee8b88-5f01-4118-aeb9-7deddeee62e1]...
[2019-04-13T19:04:32Z][Info] Deleting [Code] documents of collection [defaultcollection] from index [code_sourcenodedupefilecontractv3_1421_shared_b0db69b8-3b21-42dd-b66a-5d4c7d5bf7d7]...
[2019-04-13T19:04:32Z][Info] Deleting [Code] documents of collection [defaultcollection] from index [code_sourcenodedupefilecontractv3_1421_shared_83b2f28f-6431-4c6d-adb0-ecf60bcde118]...
[2019-04-13T19:04:32Z][Info] Deleting [Code] documents of collection [defaultcollection] from index [code_dedupefilecontractv3_1421_shared_d9a4fbdf-11ea-4a13-a1ac-5933e5c66aec]...
[2019-04-13T19:04:32Z][Info] Deleting [Code] documents of collection [defaultcollection] from index [code_sourcenodedupefilecontractv4_1421_shared_5d9e5a39-fc1f-410a-a719-d6f48b7105ba]...
[2019-04-13T19:04:32Z][Info] Disabling [Code] indexing feature flags for collection [defaultcollection]...
[2019-04-13T19:04:37Z][Info] Cleaned up all SQL tables storing indexing state.
[2019-04-13T19:04:37Z][Info] Enabling [Code] indexing feature flags for collection [defaultcollection]...
[2019-04-13T19:04:42Z][Info] Queued [Code] bulk indexing of collection [defaultcollection].
