[2019-04-12T20:12:18Z][Info] === Start Repair-Search ===
[2019-04-12T20:12:18Z][Info] ======================================================================================
[2019-04-12T20:12:18Z][Info] Executing analyzer [Test-SqlHealth]...

[2019-04-12T20:12:18Z][Info] Verifying IsSearchConfigured setting in Configuration DB...
[2019-04-12T20:12:18Z][Info] Verifying Search URL settings in Configuration DB...
[2019-04-12T20:12:18Z][Info] Verifying Code search extension is installed...
[2019-04-12T20:12:18Z][Info] Verifying primary indexing feature flags...
[2019-04-12T20:12:18Z][Info] Verifying Collection IU properties' Index and Query URL match the configuration DB connection URL...
[2019-04-12T20:12:18Z][Info] Verifying Collection IU properties' ES ContractTypes for Indexing and Query...
[2019-04-12T20:12:18Z][Info] No issues found!
[2019-04-12T20:12:18Z][Info] ======================================================================================
[2019-04-12T20:12:18Z][Info] Executing analyzer [Test-ElasticsearchHealth]...

[2019-04-12T20:12:18Z][Info] Elasticsearch cluster health is [@{cluster_name=TFS_Search_BSARKAR; status=green; timed_out=False; number_of_nodes=1; number_of_data_nodes=1; active_primary_shards=168; active_shards=168; relocating_shards=0; initializing_shards=0; unassigned_shards=0; delayed_unassigned_shards=0; number_of_pending_tasks=0; number_of_in_flight_fetch=0; task_max_waiting_in_queue_millis=0; active_shards_percent_as_number=100.0}].
[2019-04-12T20:12:18Z][Info] Elasticsearch cluster state is [green].
[2019-04-12T20:12:18Z][Info] Number of documents indexed for entity type [Code] and collection [defaultcollection] in index [code_sourcenodedupefilecontractv3_1421_shared_18b194aa-10ae-4ef4-b026-a48e2870779b] and mapping [SourceNoDedupeFileContractV3] = [1].
[2019-04-12T20:12:18Z][Info] No issues found!
[2019-04-12T20:12:18Z][Info] ======================================================================================
[2019-04-12T20:12:18Z][Info] Executing analyzer [Test-FaultInJobInInfiniteRetries]...

[2019-04-12T20:12:18Z][Info] No issues found!
[2019-04-12T20:12:18Z][Info] ======================================================================================
[2019-04-12T20:12:18Z][Info] Executing analyzer [Test-IndexingUnitPointsToDeletedIndex]...

[2019-04-12T20:12:18Z][Info] No issues found!
[2019-04-12T20:12:18Z][Info] ======================================================================================
[2019-04-12T20:12:18Z][Info] Executing analyzer [Test-IndicesHaveUnsupportedMappings]...

[2019-04-12T20:12:19Z][Error] Index [code_sourcenodedupefilecontractv3_1421_shared_576ae792-ba62-42d3-8076-8a54f28ffde0] has unsupported mapping. It must be deleted.
[2019-04-12T20:12:19Z][Error] Index [code_sourcenodedupefilecontractv3_1421_shared_18b194aa-10ae-4ef4-b026-a48e2870779b] has unsupported mapping. It must be deleted.
[2019-04-12T20:12:19Z][Error] Collection [defaultcollection] has [1] documents indexed with unsupported mapping. It must be re-indexed.
[2019-04-12T20:12:19Z][Warn] Actions recommended are [Remove-Index code_sourcenodedupefilecontractv3_1421_shared_576ae792-ba62-42d3-8076-8a54f28ffde0, Remove-Index code_sourcenodedupefilecontractv3_1421_shared_18b194aa-10ae-4ef4-b026-a48e2870779b, Restart-Indexing].
[2019-04-12T20:12:19Z][Info] ======================================================================================
[2019-04-12T20:12:19Z][Info] Executing analyzer [Test-InefficientTfvcCrawlingStoredProcedure]...

[2019-04-12T20:12:19Z][Info] This analyzer is only valid for TFVC repositories. No TFVC repository was found in collection [defaultcollection].
[2019-04-12T20:12:19Z][Info] No issues found!
[2019-04-12T20:12:19Z][Info] ======================================================================================
[2019-04-12T20:12:19Z][Warn] Analysis is complete. Final list of recommended actions = [Remove-Index code_sourcenodedupefilecontractv3_1421_shared_576ae792-ba62-42d3-8076-8a54f28ffde0, Remove-Index code_sourcenodedupefilecontractv3_1421_shared_18b194aa-10ae-4ef4-b026-a48e2870779b, Restart-Indexing].
[2019-04-12T20:12:19Z][Info] ======================================================================================
[2019-04-12T20:12:19Z][Info] Executing action [Remove-Index code_sourcenodedupefilecontractv3_1421_shared_576ae792-ba62-42d3-8076-8a54f28ffde0]...
[2019-04-12T20:12:37Z][Info] Deleting index [code_sourcenodedupefilecontractv3_1421_shared_576ae792-ba62-42d3-8076-8a54f28ffde0]...
[2019-04-12T20:12:37Z][Info] ======================================================================================
[2019-04-12T20:12:37Z][Info] Executing action [Remove-Index code_sourcenodedupefilecontractv3_1421_shared_18b194aa-10ae-4ef4-b026-a48e2870779b]...
[2019-04-12T20:12:51Z][Info] Deleting index [code_sourcenodedupefilecontractv3_1421_shared_18b194aa-10ae-4ef4-b026-a48e2870779b]...
[2019-04-12T20:12:52Z][Info] ======================================================================================
[2019-04-12T20:12:52Z][Info] Executing action [Restart-Indexing]...
[2019-04-12T20:13:02Z][Info] Removed registry [\Service\ALMSearch\Settings\IsExtensionOperationInProgress\Code\Uninstalled] from [azuredevops_defaultcollection] database.
[2019-04-12T20:13:02Z][Info] Deleting [Code] documents of collection [defaultcollection] from index [code_dedupefilecontractv3_1421_shared_d9a4fbdf-11ea-4a13-a1ac-5933e5c66aec]...
[2019-04-12T20:13:02Z][Info] Deleting [Code] documents of collection [defaultcollection] from index [code_dedupefilecontractv3_1421_shared_3bfc9e5b-60fb-4c61-9c53-52d398ba6f3e]...
[2019-04-12T20:13:02Z][Info] Deleting [Code] documents of collection [defaultcollection] from index [code_sourcenodedupefilecontractv4_1421_shared_5d9e5a39-fc1f-410a-a719-d6f48b7105ba]...
[2019-04-12T20:13:02Z][Info] Deleting [Code] documents of collection [defaultcollection] from index [code_sourcenodedupefilecontractv4_1421_shared_fdee8b88-5f01-4118-aeb9-7deddeee62e1]...
[2019-04-12T20:13:02Z][Info] Disabling [Code] indexing feature flags for collection [defaultcollection]...
[2019-04-12T20:13:07Z][Info] Waiting for indexing activity to die down...
[2019-04-12T20:13:17Z][Info] Enabling [Code] indexing feature flags for collection [defaultcollection]...
[2019-04-12T20:13:22Z][Info] Queued [Code] bulk indexing of collection [defaultcollection].
