[2019-04-12T15:49:44Z][Info] === Start Repair-Search ===
[2019-04-12T15:49:44Z][Info] ======================================================================================
[2019-04-12T15:49:44Z][Info] Executing analyzer [Test-SqlHealth]...

[2019-04-12T15:49:44Z][Info] Verifying IsSearchConfigured setting in Configuration DB...
[2019-04-12T15:49:44Z][Info] Verifying Search URL settings in Configuration DB...
[2019-04-12T15:49:44Z][Info] Verifying Code search extension is installed...
[2019-04-12T15:49:44Z][Info] Verifying primary indexing feature flags...
[2019-04-12T15:49:44Z][Info] Verifying Collection IU properties' Index and Query URL match the configuration DB connection URL...
[2019-04-12T15:49:44Z][Info] Verifying Collection IU properties' ES ContractTypes for Indexing and Query...
[2019-04-12T15:49:44Z][Info] No issues found!
[2019-04-12T15:49:44Z][Info] ======================================================================================
[2019-04-12T15:49:44Z][Info] Executing analyzer [Test-ElasticsearchHealth]...

[2019-04-12T15:49:44Z][Info] Elasticsearch cluster health is [@{cluster_name=TFS_Search_BSARKAR; status=green; timed_out=False; number_of_nodes=1; number_of_data_nodes=1; active_primary_shards=168; active_shards=168; relocating_shards=0; initializing_shards=0; unassigned_shards=0; delayed_unassigned_shards=0; number_of_pending_tasks=0; number_of_in_flight_fetch=0; task_max_waiting_in_queue_millis=0; active_shards_percent_as_number=100.0}].
[2019-04-12T15:49:44Z][Info] Elasticsearch cluster state is [green].
[2019-04-12T15:49:44Z][Info] Number of documents indexed for entity type [Code] and collection [defaultcollection] in index [code_sourcenodedupefilecontractv3_1421_shared_18b194aa-10ae-4ef4-b026-a48e2870779b] and mapping [SourceNoDedupeFileContractV3] = [1].
[2019-04-12T15:49:44Z][Info] No issues found!
[2019-04-12T15:49:44Z][Info] ======================================================================================
[2019-04-12T15:49:44Z][Info] Executing analyzer [Test-FaultInJobInInfiniteRetries]...

[2019-04-12T15:49:44Z][Info] No issues found!
[2019-04-12T15:49:44Z][Info] ======================================================================================
[2019-04-12T15:49:44Z][Info] Executing analyzer [Test-IndexingUnitPointsToDeletedIndex]...

[2019-04-12T15:49:44Z][Info] No issues found!
[2019-04-12T15:49:44Z][Info] ======================================================================================
[2019-04-12T15:49:44Z][Info] Executing analyzer [Test-IndicesWithUnsupportedMappings]...

[2019-04-12T15:49:44Z][Info] Mappings = [@{code_dedupefilecontractv3_1421_shared_3bfc9e5b-60fb-4c61-9c53-52d398ba6f3e=; code_sourcenodedupefilecontractv3_1421_shared_576ae792-ba62-42d3-8076-8a54f28ffde0=; code_sourcenodedupefilecontractv4_1421_shared_fdee8b88-5f01-4118-aeb9-7deddeee62e1=; wiki_wikicontract_1421_shared_b0edd461-42e5-4498-afa8-8b050f575c4d=; package_packageversioncontract_1490_shared_f222fa52-10ae-42ae-9d1a-7f8dea7637eb=; workitem_workitemcontract_1490_shared_bb6a9f23-2310-49b3-bd04-2885185006b6=; package_packageversioncontract_1490_shared_fcf9e195-800f-4d1e-a4bc-8dae3454f025=; projectrepo_projectrepocontract_1421_shared_939af980-8da3-4d9e-b16f-864041ed2c5c=; code_dedupefilecontractv3_1421_shared_d9a4fbdf-11ea-4a13-a1ac-5933e5c66aec=; code_sourcenodedupefilecontractv3_1421_shared_18b194aa-10ae-4ef4-b026-a48e2870779b=; projectrepo_projectrepocontract_1421_shared_ec13a134-8c0f-489f-90d6-634981fce90d=; code_sourcenodedupefilecontractv4_1421_shared_5d9e5a39-fc1f-410a-a719-d6f48b7105ba=; wiki_wikicontract_1421_shared_f461caeb-21c7-4bd8-b52a-629033686a52=; workitem_workitemcontract_1490_shared_64cbc1aa-4a4d-497b-9474-e880c68fed99=}].
[2019-04-12T15:49:44Z][Info] No issues found!
[2019-04-12T15:49:44Z][Info] ======================================================================================
[2019-04-12T15:49:44Z][Info] Executing analyzer [Test-InefficientTfvcCrawlingStoredProcedure]...

[2019-04-12T15:49:44Z][Info] This analyzer is only valid for TFVC repositories. No TFVC repository was found in collection [defaultcollection].
[2019-04-12T15:49:44Z][Info] No issues found!
[2019-04-12T15:49:44Z][Info] ======================================================================================
[2019-04-12T15:49:44Z][Info] No known issues found. System seems to be healthy. If not, please contact support.
[2019-04-12T15:49:44Z][Info] ======================================================================================
