[2019-04-13T14:32:13Z][Info] === Start Repair-Search ===
[2019-04-13T14:32:13Z][Info] ======================================================================================
[2019-04-13T14:32:13Z][Info] Executing analyzer [Test-SqlHealth]...

[2019-04-13T14:32:13Z][Info] Verifying IsSearchConfigured setting in Configuration DB...
[2019-04-13T14:32:13Z][Info] Verifying Search URL settings in Configuration DB...
[2019-04-13T14:32:13Z][Info] Verifying WorkItem search extension is installed...
[2019-04-13T14:32:13Z][Info] Verifying primary indexing feature flags...
[2019-04-13T14:32:13Z][Info] Verifying Collection IU properties' Index and Query URL match the configuration DB connection URL...
[2019-04-13T14:32:13Z][Error] Collection indexing unit for entity type [WorkItem] and collection [defaultcollection] not found.
[2019-04-13T14:32:13Z][Warn] Actions recommended are [Restart-Indexing].
[2019-04-13T14:32:13Z][Info] ======================================================================================
[2019-04-13T14:32:13Z][Warn] Analysis is complete. Final list of recommended actions = [Restart-Indexing].
[2019-04-13T14:32:13Z][Info] ======================================================================================
[2019-04-13T14:32:13Z][Info] Executing action [Restart-Indexing]...
[2019-04-13T14:32:16Z][Info] Removed registry [\Service\ALMSearch\Settings\IsExtensionOperationInProgress\WorkItem\Uninstalled] from [azuredevops_defaultcollection] database.
[2019-04-13T14:32:16Z][Info] Deleting [WorkItem] documents of collection [defaultcollection] from index [workitem_workitemcontract_1490_shared_bb6a9f23-2310-49b3-bd04-2885185006b6]...
[2019-04-13T14:32:16Z][Info] Deleting [WorkItem] documents of collection [defaultcollection] from index [workitem_workitemcontract_1490_shared_64cbc1aa-4a4d-497b-9474-e880c68fed99]...
[2019-04-13T14:32:16Z][Info] Disabling [WorkItem] indexing feature flags for collection [defaultcollection]...
[2019-04-13T14:32:21Z][Info] Cleaned up all SQL tables storing indexing state.
[2019-04-13T14:32:21Z][Info] Enabling [WorkItem] indexing feature flags for collection [defaultcollection]...
[2019-04-13T14:32:27Z][Info] Queued [WorkItem] bulk indexing of collection [defaultcollection].
