[2019-04-13T19:08:00Z][Info] === Start Repair-Search ===
[2019-04-13T19:08:00Z][Info] ======================================================================================
[2019-04-13T19:08:00Z][Info] Executing analyzer [Test-SqlHealth]...
[2019-04-13T19:08:00Z][Info] Verifying IsSearchConfigured setting in Configuration DB...
[2019-04-13T19:08:00Z][Info] Verifying Search URL settings in Configuration DB...
[2019-04-13T19:08:00Z][Info] Verifying Wiki search extension is installed...
[2019-04-13T19:08:00Z][Info] Verifying primary indexing feature flags...
[2019-04-13T19:08:00Z][Info] Verifying Collection IU properties' Index and Query URL match the configuration DB connection URL...
[2019-04-13T19:08:00Z][Error] Collection indexing unit for entity type [Wiki] and collection [defaultcollection] not found.
[2019-04-13T19:08:00Z][Info] Action recommended by analyzer [Test-SqlHealth] is [Restart-Indexing].
[2019-04-13T19:08:00Z][Info] ======================================================================================
[2019-04-13T19:08:00Z][Info] Executing analyzer [Test-ElasticsearchHealth]...
[2019-04-13T19:08:00Z][Info] Elasticsearch cluster health is [@{cluster_name=TFS_Search_BSARKAR; status=green; timed_out=False; number_of_nodes=1; number_of_data_nodes=1; active_primary_shards=168; active_shards=168; relocating_shards=0; initializing_shards=0; unassigned_shards=0; delayed_unassigned_shards=0; number_of_pending_tasks=0; number_of_in_flight_fetch=0; task_max_waiting_in_queue_millis=0; active_shards_percent_as_number=100.0}].
[2019-04-13T19:08:00Z][Info] Elasticsearch cluster state is [green].
[2019-04-13T19:08:00Z][Warn] No document for entity type [Wiki] and collection [defaultcollection] is indexed in Elasticsearch. If this is not expected, consider executing Restart-Indexing action.
[2019-04-13T19:08:00Z][Info] No issues found!
[2019-04-13T19:08:01Z][Info] ======================================================================================
[2019-04-13T19:08:01Z][Info] Executing analyzer [Test-FaultInJobInInfiniteRetries]...
[2019-04-13T19:08:01Z][Info] No issues found!
[2019-04-13T19:08:01Z][Info] ======================================================================================
[2019-04-13T19:08:01Z][Info] Executing analyzer [Test-InefficientTfvcCrawlingStoredProcedure]...
[2019-04-13T19:08:01Z][Info] This analyzer is only valid for Code entity type. It is not valid for [Wiki] entity type.
[2019-04-13T19:08:01Z][Info] No issues found!
[2019-04-13T19:08:01Z][Info] ======================================================================================
[2019-04-13T19:08:01Z][Warn] Analysis is complete. Final list of recommended actions = [Restart-Indexing].
[2019-04-13T19:08:01Z][Info] ======================================================================================
[2019-04-13T19:08:01Z][Info] Executing action [Restart-Indexing]...
[2019-04-13T19:08:02Z][Info] Removed registry [\Service\ALMSearch\Settings\IsExtensionOperationInProgress\Wiki\Uninstalled] from [azuredevops_defaultcollection] database.
[2019-04-13T19:08:02Z][Info] Deleting [Wiki] documents of collection [defaultcollection] from index [wiki_wikicontract_1421_shared_b0edd461-42e5-4498-afa8-8b050f575c4d]...
[2019-04-13T19:08:02Z][Info] Deleting [Wiki] documents of collection [defaultcollection] from index [wiki_wikicontract_1421_shared_f461caeb-21c7-4bd8-b52a-629033686a52]...
[2019-04-13T19:08:02Z][Info] Disabling [Wiki] indexing feature flags for collection [defaultcollection]...
[2019-04-13T19:08:07Z][Info] Cleaned up all SQL tables storing indexing state.
[2019-04-13T19:08:07Z][Info] Enabling [Wiki] indexing feature flags for collection [defaultcollection]...
[2019-04-13T19:08:12Z][Info] Queued [Wiki] bulk indexing of collection [defaultcollection].
